2014-04-18 19:48:34: -- Gottanom: ANALYSIS started by On File Change 1st Full Analyze on '' (GoodSync 4.8.4.4)
2014-04-18 19:48:34: /Users/temp/Google Drive/GN Capital Partners LLC/Coding/gottanom a.1 [TmpDest] =PropDels=> ftp://226.5c3.myftpupload.com [TmpDest], WaitForLocksMinutes=20, ReconnectSecs=120
2014-04-18 19:48:34: L: Files: 301 (excluded 18). Folders: 15 (excluded 2). /dev/disk0s2 HFS, Free: 441.2 GB, Total: 465.0 GB
2014-04-18 19:48:42: Skip sym link error_logs
2014-04-18 19:48:42: Skip sym link /stats/error_logs
2014-04-18 19:48:42: Skip sym link logs
2014-04-18 19:48:42: Skip sym link /stats/logs
2014-04-18 19:49:01: R: Files: 605 (excluded 2). Folders: 65 (excluded 1). FTP: --------- Welcome to Pure-FTPd [privsep] [TLS] ----------You are user number 4 of 500 allowed.Local time is now 16:48. Server po ...
2014-04-18 19:49:01: Changes: 354, Conflicts: 0, CopyTime: 0, CopyState: 0/0, Errors: 0
2014-04-18 19:49:01: Left to Right: Delete File: 354 
2014-04-18 19:49:01: -- Analysis Completed. Time 00:00:28, Speed: 24 files/s
2014-04-18 19:49:01: == Gottanom: SYNC started by On File Change 1st Full Analyze on ''
2014-04-18 19:49:01: /Users/temp/Google Drive/GN Capital Partners LLC/Coding/gottanom a.1 [TmpDest] =PropDels=> ftp://226.5c3.myftpupload.com [TmpDest], WaitForLocksMinutes=20, ReconnectSecs=120
2014-04-18 19:49:01: Delete Folder 'ftp://226.5c3.myftpupload.com/stats'
- ERROR: Cannot delete folder: Server says: Can't remove directory: Directory not empty
2014-04-18 19:49:02: Delete File 'ftp://226.5c3.myftpupload.com/wp-content/plugins/quick-setup/js/gd-quick-setup.js'
2014-04-18 19:49:02: Delete File 'ftp://226.5c3.myftpupload.com/wp-content/plugins/quick-setup/js/gd-quick-setup.min.js'
2014-04-18 19:49:02: Delete File 'ftp://226.5c3.myftpupload.com/wp-content/plugins/quick-setup/js/index.php'
2014-04-18 19:49:02: Delete File 'ftp://226.5c3.myftpupload.com/wp-content/plugins/quick-setup/js/jquery.placeholder.js'
2014-04-18 19:49:03: Delete File 'ftp://226.5c3.myftpupload.com/wp-content/plugins/quick-setup/js/jquery.placeholder.min.js'
2014-04-18 19:49:03: Delete File 'ftp://226.5c3.myftpupload.com/wp-content/plugins/quick-setup/js/jquery.tiptip.js'
2014-04-18 19:49:03: Delete File 'ftp://226.5c3.myftpupload.com/wp-content/plugins/quick-setup/js/jquery.tiptip.min.js'
2014-04-18 19:49:03: Delete Folder 'ftp://226.5c3.myftpupload.com/wp-content/plugins/quick-setup/js'
2014-04-18 19:49:04: Delete File 'ftp://226.5c3.myftpupload.com/wp-content/plugins/quick-setup/lang/.htaccess'
2014-04-18 19:49:04: Delete File 'ftp://226.5c3.myftpupload.com/wp-content/plugins/quick-setup/lang/index.php'
2014-04-18 19:49:04: Delete Folder 'ftp://226.5c3.myftpupload.com/wp-content/plugins/quick-setup/lang'
2014-04-18 19:49:05: Delete File 'ftp://226.5c3.myftpupload.com/wp-content/plugins/quick-setup/modules/.htaccess'
2014-04-18 19:49:05: Delete File 'ftp://226.5c3.myftpupload.com/wp-content/plugins/quick-setup/modules/bad-behavior.php'
2014-04-18 19:49:05: Delete File 'ftp://226.5c3.myftpupload.com/wp-content/plugins/quick-setup/modules/comprehensive-google-map-plugin.php'
2014-04-18 19:49:05: Delete File 'ftp://226.5c3.myftpupload.com/wp-content/plugins/quick-setup/modules/contact-form-7.php'
2014-04-18 19:49:05: Delete File 'ftp://226.5c3.myftpupload.com/wp-content/plugins/quick-setup/modules/disable-comments.php'
2014-04-18 19:49:06: Delete File 'ftp://226.5c3.myftpupload.com/wp-content/plugins/quick-setup/modules/googleanalytics.php'
2014-04-18 19:49:06: Delete File 'ftp://226.5c3.myftpupload.com/wp-content/plugins/quick-setup/modules/index.php'
2014-04-18 19:49:06: Delete File 'ftp://226.5c3.myftpupload.com/wp-content/plugins/quick-setup/modules/jetpack.php'
2014-04-18 19:49:06: Delete File 'ftp://226.5c3.myftpupload.com/wp-content/plugins/quick-setup/modules/maintenance.php'
2014-04-18 19:49:06: Delete File 'ftp://226.5c3.myftpupload.com/wp-content/plugins/quick-setup/modules/permalinks.php'
2014-04-18 19:49:06: Delete File 'ftp://226.5c3.myftpupload.com/wp-content/plugins/quick-setup/modules/pointers.php'
2014-04-18 19:49:07: Delete File 'ftp://226.5c3.myftpupload.com/wp-content/plugins/quick-setup/modules/reset-db.php'
2014-04-18 19:49:07: Delete File 'ftp://226.5c3.myftpupload.com/wp-content/plugins/quick-setup/modules/save-options.php'
2014-04-18 19:49:07: Delete File 'ftp://226.5c3.myftpupload.com/wp-content/plugins/quick-setup/modules/simple-social-buttons.php'
2014-04-18 19:49:07: Delete File 'ftp://226.5c3.myftpupload.com/wp-content/plugins/quick-setup/modules/theme.php'
2014-04-18 19:49:07: Delete File 'ftp://226.5c3.myftpupload.com/wp-content/plugins/quick-setup/modules/wordpress-seo.php.php'
2014-04-18 19:49:07: Delete File 'ftp://226.5c3.myftpupload.com/wp-content/plugins/quick-setup/modules/wp-smushit.php'
2014-04-18 19:49:08: Delete Folder 'ftp://226.5c3.myftpupload.com/wp-content/plugins/quick-setup/modules'
2014-04-18 19:49:08: Delete File 'ftp://226.5c3.myftpupload.com/wp-content/plugins/quick-setup/quick-setup/classes/.htaccess'
2014-04-18 19:49:09: Delete File 'ftp://226.5c3.myftpupload.com/wp-content/plugins/quick-setup/quick-setup/classes/class.gd-quicksetup-api.php'
2014-04-18 19:49:09: Delete File 'ftp://226.5c3.myftpupload.com/wp-content/plugins/quick-setup/quick-setup/classes/class.gd-quicksetup-installer-skin.php'
2014-04-18 19:49:09: Delete File 'ftp://226.5c3.myftpupload.com/wp-content/plugins/quick-setup/quick-setup/classes/class.gd-quicksetup-object-cache.php'
2014-04-18 19:49:09: Delete File 'ftp://226.5c3.myftpupload.com/wp-content/plugins/quick-setup/quick-setup/classes/class.gd-quicksetup-plugin-upgrader.php'
2014-04-18 19:49:09: Delete File 'ftp://226.5c3.myftpupload.com/wp-content/plugins/quick-setup/quick-setup/classes/class.gd-quicksetup-shortcodes.php'
2014-04-18 19:49:10: Delete File 'ftp://226.5c3.myftpupload.com/wp-content/plugins/quick-setup/quick-setup/classes/class.gd-quicksetup-theme-upgrader.php'
2014-04-18 19:49:10: Delete File 'ftp://226.5c3.myftpupload.com/wp-content/plugins/quick-setup/quick-setup/classes/class.gd-quicksetup-upgrader.php'
2014-04-18 19:49:10: Delete File 'ftp://226.5c3.myftpupload.com/wp-content/plugins/quick-setup/quick-setup/classes/index.php'
2014-04-18 19:49:10: Delete Folder 'ftp://226.5c3.myftpupload.com/wp-content/plugins/quick-setup/quick-setup/classes'
2014-04-18 19:49:11: Delete File 'ftp://226.5c3.myftpupload.com/wp-content/plugins/quick-setup/quick-setup/css/gd-quick-setup-banner.css'
2014-04-18 19:49:11: Delete File 'ftp://226.5c3.myftpupload.com/wp-content/plugins/quick-setup/quick-setup/css/gd-quick-setup-banner.min.css'
2014-04-18 19:49:11: Delete File 'ftp://226.5c3.myftpupload.com/wp-content/plugins/quick-setup/quick-setup/css/gd-quick-setup-ie.css'
2014-04-18 19:49:11: Delete File 'ftp://226.5c3.myftpupload.com/wp-content/plugins/quick-setup/quick-setup/css/gd-quick-setup-ie.min.css'
2014-04-18 19:49:11: Delete File 'ftp://226.5c3.myftpupload.com/wp-content/plugins/quick-setup/quick-setup/css/gd-quick-setup.css'
2014-04-18 19:49:12: Delete File 'ftp://226.5c3.myftpupload.com/wp-content/plugins/quick-setup/quick-setup/css/gd-quick-setup.min.css'
2014-04-18 19:49:12: Delete File 'ftp://226.5c3.myftpupload.com/wp-content/plugins/quick-setup/quick-setup/css/index.php'
2014-04-18 19:49:12: Delete Folder 'ftp://226.5c3.myftpupload.com/wp-content/plugins/quick-setup/quick-setup/css'
2014-04-18 19:49:13: Delete File 'ftp://226.5c3.myftpupload.com/wp-content/plugins/quick-setup/quick-setup/images/ajax-loader.gif'
2014-04-18 19:49:13: Delete File 'ftp://226.5c3.myftpupload.com/wp-content/plugins/quick-setup/quick-setup/images/index.php'
2014-04-18 19:49:13: Delete File 'ftp://226.5c3.myftpupload.com/wp-content/plugins/quick-setup/quick-setup/images/loading-snake.gif'
2014-04-18 19:49:13: Delete File 'ftp://226.5c3.myftpupload.com/wp-content/plugins/quick-setup/quick-setup/images/q-setup-dash-shadow.png'
2014-04-18 19:49:13: Delete File 'ftp://226.5c3.myftpupload.com/wp-content/plugins/quick-setup/quick-setup/images/q-setup-dash-sprt.png'
2014-04-18 19:49:13: Delete File 'ftp://226.5c3.myftpupload.com/wp-content/plugins/quick-setup/quick-setup/images/q-setup-done-img.png'
2014-04-18 19:49:14: Delete File 'ftp://226.5c3.myftpupload.com/wp-content/plugins/quick-setup/quick-setup/images/q-setup-modal-sprt.png'
2014-04-18 19:49:14: Delete File 'ftp://226.5c3.myftpupload.com/wp-content/plugins/quick-setup/quick-setup/images/q-setup-sprt.png'
2014-04-18 19:49:14: Delete File 'ftp://226.5c3.myftpupload.com/wp-content/plugins/quick-setup/quick-setup/images/q-setup-steps.png'
2014-04-18 19:49:14: Delete File 'ftp://226.5c3.myftpupload.com/wp-content/plugins/quick-setup/quick-setup/images/xit.gif'
2014-04-18 19:49:14: Delete Folder 'ftp://226.5c3.myftpupload.com/wp-content/plugins/quick-setup/quick-setup/images'
2014-04-18 19:49:15: Delete File 'ftp://226.5c3.myftpupload.com/wp-content/plugins/quick-setup/quick-setup/index.php'
2014-04-18 19:49:15: Delete File 'ftp://226.5c3.myftpupload.com/wp-content/plugins/quick-setup/quick-setup/js/gd-quick-setup.js'
2014-04-18 19:49:16: Delete File 'ftp://226.5c3.myftpupload.com/wp-content/plugins/quick-setup/quick-setup/js/gd-quick-setup.min.js'
2014-04-18 19:49:16: Delete File 'ftp://226.5c3.myftpupload.com/wp-content/plugins/quick-setup/quick-setup/js/index.php'
2014-04-18 19:49:16: Delete File 'ftp://226.5c3.myftpupload.com/wp-content/plugins/quick-setup/quick-setup/js/jquery.placeholder.js'
2014-04-18 19:49:16: Delete File 'ftp://226.5c3.myftpupload.com/wp-content/plugins/quick-setup/quick-setup/js/jquery.placeholder.min.js'
2014-04-18 19:49:16: Delete File 'ftp://226.5c3.myftpupload.com/wp-content/plugins/quick-setup/quick-setup/js/jquery.tiptip.js'
2014-04-18 19:49:16: Delete File 'ftp://226.5c3.myftpupload.com/wp-content/plugins/quick-setup/quick-setup/js/jquery.tiptip.min.js'
2014-04-18 19:49:17: Delete Folder 'ftp://226.5c3.myftpupload.com/wp-content/plugins/quick-setup/quick-setup/js'
2014-04-18 19:49:17: Delete File 'ftp://226.5c3.myftpupload.com/wp-content/plugins/quick-setup/quick-setup/lang/.htaccess'
2014-04-18 19:49:17: Delete File 'ftp://226.5c3.myftpupload.com/wp-content/plugins/quick-setup/quick-setup/lang/index.php'
2014-04-18 19:49:18: Delete Folder 'ftp://226.5c3.myftpupload.com/wp-content/plugins/quick-setup/quick-setup/lang'
2014-04-18 19:49:18: Delete File 'ftp://226.5c3.myftpupload.com/wp-content/plugins/quick-setup/quick-setup/modules/.htaccess'
2014-04-18 19:49:18: Delete File 'ftp://226.5c3.myftpupload.com/wp-content/plugins/quick-setup/quick-setup/modules/bad-behavior.php'
2014-04-18 19:49:19: Delete File 'ftp://226.5c3.myftpupload.com/wp-content/plugins/quick-setup/quick-setup/modules/comprehensive-google-map-plugin.php'
2014-04-18 19:49:19: Delete File 'ftp://226.5c3.myftpupload.com/wp-content/plugins/quick-setup/quick-setup/modules/contact-form-7.php'
2014-04-18 19:49:19: Delete File 'ftp://226.5c3.myftpupload.com/wp-content/plugins/quick-setup/quick-setup/modules/disable-comments.php'
2014-04-18 19:49:19: Delete File 'ftp://226.5c3.myftpupload.com/wp-content/plugins/quick-setup/quick-setup/modules/googleanalytics.php'
2014-04-18 19:49:19: Delete File 'ftp://226.5c3.myftpupload.com/wp-content/plugins/quick-setup/quick-setup/modules/index.php'
2014-04-18 19:49:19: Delete File 'ftp://226.5c3.myftpupload.com/wp-content/plugins/quick-setup/quick-setup/modules/jetpack.php'
2014-04-18 19:49:20: Delete File 'ftp://226.5c3.myftpupload.com/wp-content/plugins/quick-setup/quick-setup/modules/maintenance.php'
2014-04-18 19:49:20: Delete File 'ftp://226.5c3.myftpupload.com/wp-content/plugins/quick-setup/quick-setup/modules/permalinks.php'
2014-04-18 19:49:20: Delete File 'ftp://226.5c3.myftpupload.com/wp-content/plugins/quick-setup/quick-setup/modules/pointers.php'
2014-04-18 19:49:20: Delete File 'ftp://226.5c3.myftpupload.com/wp-content/plugins/quick-setup/quick-setup/modules/reset-db.php'
2014-04-18 19:49:20: Delete File 'ftp://226.5c3.myftpupload.com/wp-content/plugins/quick-setup/quick-setup/modules/save-options.php'
2014-04-18 19:49:20: Delete File 'ftp://226.5c3.myftpupload.com/wp-content/plugins/quick-setup/quick-setup/modules/simple-social-buttons.php'
2014-04-18 19:49:21: Delete File 'ftp://226.5c3.myftpupload.com/wp-content/plugins/quick-setup/quick-setup/modules/theme.php'
2014-04-18 19:49:21: Delete File 'ftp://226.5c3.myftpupload.com/wp-content/plugins/quick-setup/quick-setup/modules/wordpress-seo.php.php'
2014-04-18 19:49:21: Delete File 'ftp://226.5c3.myftpupload.com/wp-content/plugins/quick-setup/quick-setup/modules/wp-smushit.php'
2014-04-18 19:49:21: Delete Folder 'ftp://226.5c3.myftpupload.com/wp-content/plugins/quick-setup/quick-setup/modules'
2014-04-18 19:49:21: Delete File 'ftp://226.5c3.myftpupload.com/wp-content/plugins/quick-setup/quick-setup/quick-setup.php'
2014-04-18 19:49:21: Delete File 'ftp://226.5c3.myftpupload.com/wp-content/plugins/quick-setup/quick-setup/quick-setup.pot'
2014-04-18 19:49:22: Delete File 'ftp://226.5c3.myftpupload.com/wp-content/plugins/quick-setup/quick-setup/resources/.htaccess'
2014-04-18 19:49:22: Delete File 'ftp://226.5c3.myftpupload.com/wp-content/plugins/quick-setup/quick-setup/resources/build-site-banner.php'
2014-04-18 19:49:22: Delete File 'ftp://226.5c3.myftpupload.com/wp-content/plugins/quick-setup/quick-setup/resources/filesystem-message.php'
2014-04-18 19:49:23: Delete File 'ftp://226.5c3.myftpupload.com/wp-content/plugins/quick-setup/quick-setup/resources/footer.php'
2014-04-18 19:49:23: Delete File 'ftp://226.5c3.myftpupload.com/wp-content/plugins/quick-setup/quick-setup/resources/header.php'
2014-04-18 19:49:23: Delete File 'ftp://226.5c3.myftpupload.com/wp-content/plugins/quick-setup/quick-setup/resources/index.php'
2014-04-18 19:49:23: Delete File 'ftp://226.5c3.myftpupload.com/wp-content/plugins/quick-setup/quick-setup/resources/install.php'
2014-04-18 19:49:23: Delete File 'ftp://226.5c3.myftpupload.com/wp-content/plugins/quick-setup/quick-setup/resources/maintenance.php'
2014-04-18 19:49:24: Delete File 'ftp://226.5c3.myftpupload.com/wp-content/plugins/quick-setup/quick-setup/resources/resources/.htaccess'
2014-04-18 19:49:24: Delete File 'ftp://226.5c3.myftpupload.com/wp-content/plugins/quick-setup/quick-setup/resources/resources/build-site-banner.php'
2014-04-18 19:49:24: Delete File 'ftp://226.5c3.myftpupload.com/wp-content/plugins/quick-setup/quick-setup/resources/resources/config.php'
2014-04-18 19:49:24: Delete File 'ftp://226.5c3.myftpupload.com/wp-content/plugins/quick-setup/quick-setup/resources/resources/filesystem-message.php'
2014-04-18 19:49:25: Delete File 'ftp://226.5c3.myftpupload.com/wp-content/plugins/quick-setup/quick-setup/resources/resources/footer.php'
2014-04-18 19:49:25: Delete File 'ftp://226.5c3.myftpupload.com/wp-content/plugins/quick-setup/quick-setup/resources/resources/header.php'
2014-04-18 19:49:25: Delete File 'ftp://226.5c3.myftpupload.com/wp-content/plugins/quick-setup/quick-setup/resources/resources/index.php'
2014-04-18 19:49:25: Delete File 'ftp://226.5c3.myftpupload.com/wp-content/plugins/quick-setup/quick-setup/resources/resources/install.php'
2014-04-18 19:49:25: Delete File 'ftp://226.5c3.myftpupload.com/wp-content/plugins/quick-setup/quick-setup/resources/resources/maintenance.php'
2014-04-18 19:49:26: Delete File 'ftp://226.5c3.myftpupload.com/wp-content/plugins/quick-setup/quick-setup/resources/resources/site-built-banner.php'
2014-04-18 19:49:26: Delete File 'ftp://226.5c3.myftpupload.com/wp-content/plugins/quick-setup/quick-setup/resources/resources/step1.php'
2014-04-18 19:49:26: Delete File 'ftp://226.5c3.myftpupload.com/wp-content/plugins/quick-setup/quick-setup/resources/resources/step2.php'
2014-04-18 19:49:26: Delete File 'ftp://226.5c3.myftpupload.com/wp-content/plugins/quick-setup/quick-setup/resources/resources/step3.php'
2014-04-18 19:49:26: Delete File 'ftp://226.5c3.myftpupload.com/wp-content/plugins/quick-setup/quick-setup/resources/resources/step4.php'
2014-04-18 19:49:26: Delete Folder 'ftp://226.5c3.myftpupload.com/wp-content/plugins/quick-setup/quick-setup/resources/resources'
2014-04-18 19:49:27: Delete File 'ftp://226.5c3.myftpupload.com/wp-content/plugins/quick-setup/quick-setup/resources/site-built-banner.php'
2014-04-18 19:49:27: Delete File 'ftp://226.5c3.myftpupload.com/wp-content/plugins/quick-setup/quick-setup/resources/step1.php'
2014-04-18 19:49:27: Delete File 'ftp://226.5c3.myftpupload.com/wp-content/plugins/quick-setup/quick-setup/resources/step2.php'
2014-04-18 19:49:27: Delete File 'ftp://226.5c3.myftpupload.com/wp-content/plugins/quick-setup/quick-setup/resources/step3.php'
2014-04-18 19:49:27: Delete File 'ftp://226.5c3.myftpupload.com/wp-content/plugins/quick-setup/quick-setup/resources/step4.php'
2014-04-18 19:49:27: Delete Folder 'ftp://226.5c3.myftpupload.com/wp-content/plugins/quick-setup/quick-setup/resources'
2014-04-18 19:49:28: Delete File 'ftp://226.5c3.myftpupload.com/wp-content/plugins/quick-setup/quick-setup/uninstall.php'
2014-04-18 19:49:28: Delete Folder 'ftp://226.5c3.myftpupload.com/wp-content/plugins/quick-setup/quick-setup'
2014-04-18 19:49:28: Delete File 'ftp://226.5c3.myftpupload.com/wp-content/plugins/quick-setup/quick-setup.php'
2014-04-18 19:49:28: Delete File 'ftp://226.5c3.myftpupload.com/wp-content/plugins/quick-setup/quick-setup.pot'
2014-04-18 19:49:29: Delete File 'ftp://226.5c3.myftpupload.com/wp-content/plugins/quick-setup/resources/.htaccess'
2014-04-18 19:49:29: Delete File 'ftp://226.5c3.myftpupload.com/wp-content/plugins/quick-setup/resources/build-site-banner.php'
2014-04-18 19:49:29: Delete File 'ftp://226.5c3.myftpupload.com/wp-content/plugins/quick-setup/resources/filesystem-message.php'
2014-04-18 19:49:30: Delete File 'ftp://226.5c3.myftpupload.com/wp-content/plugins/quick-setup/resources/footer.php'
2014-04-18 19:49:30: Delete File 'ftp://226.5c3.myftpupload.com/wp-content/plugins/quick-setup/resources/header.php'
2014-04-18 19:49:30: Delete File 'ftp://226.5c3.myftpupload.com/wp-content/plugins/quick-setup/resources/index.php'
2014-04-18 19:49:30: Delete File 'ftp://226.5c3.myftpupload.com/wp-content/plugins/quick-setup/resources/install.php'
2014-04-18 19:49:30: Delete File 'ftp://226.5c3.myftpupload.com/wp-content/plugins/quick-setup/resources/maintenance.php'
2014-04-18 19:49:31: Delete File 'ftp://226.5c3.myftpupload.com/wp-content/plugins/quick-setup/resources/resources/.htaccess'
2014-04-18 19:49:31: Delete File 'ftp://226.5c3.myftpupload.com/wp-content/plugins/quick-setup/resources/resources/build-site-banner.php'
2014-04-18 19:49:31: Delete File 'ftp://226.5c3.myftpupload.com/wp-content/plugins/quick-setup/resources/resources/config.php'
2014-04-18 19:49:31: Delete File 'ftp://226.5c3.myftpupload.com/wp-content/plugins/quick-setup/resources/resources/filesystem-message.php'
2014-04-18 19:49:32: Delete File 'ftp://226.5c3.myftpupload.com/wp-content/plugins/quick-setup/resources/resources/footer.php'
2014-04-18 19:49:32: Delete File 'ftp://226.5c3.myftpupload.com/wp-content/plugins/quick-setup/resources/resources/header.php'
2014-04-18 19:49:32: Delete File 'ftp://226.5c3.myftpupload.com/wp-content/plugins/quick-setup/resources/resources/index.php'
2014-04-18 19:49:32: Delete File 'ftp://226.5c3.myftpupload.com/wp-content/plugins/quick-setup/resources/resources/install.php'
2014-04-18 19:49:32: Delete File 'ftp://226.5c3.myftpupload.com/wp-content/plugins/quick-setup/resources/resources/maintenance.php'
2014-04-18 19:49:32: Delete File 'ftp://226.5c3.myftpupload.com/wp-content/plugins/quick-setup/resources/resources/site-built-banner.php'
2014-04-18 19:49:33: Delete File 'ftp://226.5c3.myftpupload.com/wp-content/plugins/quick-setup/resources/resources/step1.php'
2014-04-18 19:49:33: Delete File 'ftp://226.5c3.myftpupload.com/wp-content/plugins/quick-setup/resources/resources/step2.php'
2014-04-18 19:49:33: Delete File 'ftp://226.5c3.myftpupload.com/wp-content/plugins/quick-setup/resources/resources/step3.php'
2014-04-18 19:49:33: Delete File 'ftp://226.5c3.myftpupload.com/wp-content/plugins/quick-setup/resources/resources/step4.php'
2014-04-18 19:49:33: Delete Folder 'ftp://226.5c3.myftpupload.com/wp-content/plugins/quick-setup/resources/resources'
2014-04-18 19:49:34: Delete File 'ftp://226.5c3.myftpupload.com/wp-content/plugins/quick-setup/resources/site-built-banner.php'
2014-04-18 19:49:34: Delete File 'ftp://226.5c3.myftpupload.com/wp-content/plugins/quick-setup/resources/step1.php'
2014-04-18 19:49:34: Delete File 'ftp://226.5c3.myftpupload.com/wp-content/plugins/quick-setup/resources/step2.php'
2014-04-18 19:49:34: Delete File 'ftp://226.5c3.myftpupload.com/wp-content/plugins/quick-setup/resources/step3.php'
2014-04-18 19:49:34: Delete File 'ftp://226.5c3.myftpupload.com/wp-content/plugins/quick-setup/resources/step4.php'
2014-04-18 19:49:35: Delete Folder 'ftp://226.5c3.myftpupload.com/wp-content/plugins/quick-setup/resources'
2014-04-18 19:49:35: Delete File 'ftp://226.5c3.myftpupload.com/wp-content/plugins/quick-setup/uninstall.php'
2014-04-18 19:49:35: Delete Folder 'ftp://226.5c3.myftpupload.com/wp-content/plugins/quick-setup'
2014-04-18 19:49:35: Delete Folder 'ftp://226.5c3.myftpupload.com/wp-content/plugins/welcome-to-wordpress/lang'
2014-04-18 19:49:36: Delete File 'ftp://226.5c3.myftpupload.com/wp-content/plugins/welcome-to-wordpress/resources/.htaccess'
2014-04-18 19:49:36: Delete File 'ftp://226.5c3.myftpupload.com/wp-content/plugins/welcome-to-wordpress/resources/class.wtwp-upgrader.php'
2014-04-18 19:49:36: Delete File 'ftp://226.5c3.myftpupload.com/wp-content/plugins/welcome-to-wordpress/resources/control-panel.php'
2014-04-18 19:49:36: Delete File 'ftp://226.5c3.myftpupload.com/wp-content/plugins/welcome-to-wordpress/resources/footer.php'
2014-04-18 19:49:37: Delete File 'ftp://226.5c3.myftpupload.com/wp-content/plugins/welcome-to-wordpress/resources/header.php'
2014-04-18 19:49:37: Delete File 'ftp://226.5c3.myftpupload.com/wp-content/plugins/welcome-to-wordpress/resources/help.php'
2014-04-18 19:49:37: Delete File 'ftp://226.5c3.myftpupload.com/wp-content/plugins/welcome-to-wordpress/resources/htaccess/.htaccess'
2014-04-18 19:49:38: Delete File 'ftp://226.5c3.myftpupload.com/wp-content/plugins/welcome-to-wordpress/resources/htaccess/index.php'
2014-04-18 19:49:38: Delete File 'ftp://226.5c3.myftpupload.com/wp-content/plugins/welcome-to-wordpress/resources/htaccess/quickstart_cache.txt'
2014-04-18 19:49:38: Delete File 'ftp://226.5c3.myftpupload.com/wp-content/plugins/welcome-to-wordpress/resources/htaccess/quickstart_security.txt'
2014-04-18 19:49:38: Delete File 'ftp://226.5c3.myftpupload.com/wp-content/plugins/welcome-to-wordpress/resources/htaccess/wtwp_cache.txt'
2014-04-18 19:49:38: Delete File 'ftp://226.5c3.myftpupload.com/wp-content/plugins/welcome-to-wordpress/resources/htaccess/wtwp_security.txt'
2014-04-18 19:49:38: Delete Folder 'ftp://226.5c3.myftpupload.com/wp-content/plugins/welcome-to-wordpress/resources/htaccess'
2014-04-18 19:49:39: Delete File 'ftp://226.5c3.myftpupload.com/wp-content/plugins/welcome-to-wordpress/resources/index.php'
2014-04-18 19:49:39: Delete File 'ftp://226.5c3.myftpupload.com/wp-content/plugins/welcome-to-wordpress/resources/install.php'
2014-04-18 19:49:39: Delete File 'ftp://226.5c3.myftpupload.com/wp-content/plugins/welcome-to-wordpress/resources/object_cache/apc.object-cache.php'
2014-04-18 19:49:40: Delete File 'ftp://226.5c3.myftpupload.com/wp-content/plugins/welcome-to-wordpress/resources/object_cache/wincache.object-cache.php'
2014-04-18 19:49:40: Delete Folder 'ftp://226.5c3.myftpupload.com/wp-content/plugins/welcome-to-wordpress/resources/object_cache'
2014-04-18 19:49:40: Delete File 'ftp://226.5c3.myftpupload.com/wp-content/plugins/welcome-to-wordpress/resources/pointer.php'
2014-04-18 19:49:40: Delete File 'ftp://226.5c3.myftpupload.com/wp-content/plugins/welcome-to-wordpress/resources/security.php'
2014-04-18 19:49:40: Delete File 'ftp://226.5c3.myftpupload.com/wp-content/plugins/welcome-to-wordpress/resources/settings.php'
2014-04-18 19:49:41: Delete File 'ftp://226.5c3.myftpupload.com/wp-content/plugins/welcome-to-wordpress/resources/web.config/.htaccess'
2014-04-18 19:49:41: Delete File 'ftp://226.5c3.myftpupload.com/wp-content/plugins/welcome-to-wordpress/resources/web.config/browser_caching.xml'
2014-04-18 19:49:41: Delete File 'ftp://226.5c3.myftpupload.com/wp-content/plugins/welcome-to-wordpress/resources/web.config/compression.xml'
2014-04-18 19:49:41: Delete File 'ftp://226.5c3.myftpupload.com/wp-content/plugins/welcome-to-wordpress/resources/web.config/iis_caching.xml'
2014-04-18 19:49:42: Delete File 'ftp://226.5c3.myftpupload.com/wp-content/plugins/welcome-to-wordpress/resources/web.config/index.php'
2014-04-18 19:49:42: Delete Folder 'ftp://226.5c3.myftpupload.com/wp-content/plugins/welcome-to-wordpress/resources/web.config'
2014-04-18 19:49:42: Delete File 'ftp://226.5c3.myftpupload.com/wp-content/plugins/welcome-to-wordpress/resources/welcome.php'
2014-04-18 19:49:42: Delete Folder 'ftp://226.5c3.myftpupload.com/wp-content/plugins/welcome-to-wordpress/resources'
2014-04-18 19:49:43: Delete File 'ftp://226.5c3.myftpupload.com/wp-content/plugins/welcome-to-wordpress/uninstall.php'
2014-04-18 19:49:43: Delete File 'ftp://226.5c3.myftpupload.com/wp-content/plugins/welcome-to-wordpress/welcome-to-wordpress.php'
2014-04-18 19:49:43: Delete File 'ftp://226.5c3.myftpupload.com/wp-content/plugins/welcome-to-wordpress/welcome-to-wordpress.pot'
2014-04-18 19:49:43: Delete Folder 'ftp://226.5c3.myftpupload.com/wp-content/plugins/welcome-to-wordpress'
2014-04-18 19:49:44: Delete File 'ftp://226.5c3.myftpupload.com/wp-content/plugins/yelp-widget-pro/includes/images/blank-biz.png'
2014-04-18 19:49:44: Delete File 'ftp://226.5c3.myftpupload.com/wp-content/plugins/yelp-widget-pro/includes/images/help.png'
2014-04-18 19:49:45: Delete File 'ftp://226.5c3.myftpupload.com/wp-content/plugins/yelp-widget-pro/includes/images/new-window-icon.png'
2014-04-18 19:49:45: Delete File 'ftp://226.5c3.myftpupload.com/wp-content/plugins/yelp-widget-pro/includes/images/yelp-logo-transparent-icon.png'
2014-04-18 19:49:45: Delete File 'ftp://226.5c3.myftpupload.com/wp-content/plugins/yelp-widget-pro/includes/images/yelp.png'
2014-04-18 19:49:45: Delete Folder 'ftp://226.5c3.myftpupload.com/wp-content/plugins/yelp-widget-pro/includes/images'
2014-04-18 19:49:46: Delete File 'ftp://226.5c3.myftpupload.com/wp-content/plugins/yelp-widget-pro/includes/js/admin-widget.js'
2014-04-18 19:49:46: Delete File 'ftp://226.5c3.myftpupload.com/wp-content/plugins/yelp-widget-pro/includes/js/options.js'
2014-04-18 19:49:46: Delete Folder 'ftp://226.5c3.myftpupload.com/wp-content/plugins/yelp-widget-pro/includes/js'
2014-04-18 19:49:46: Delete File 'ftp://226.5c3.myftpupload.com/wp-content/plugins/yelp-widget-pro/includes/options.php'
2014-04-18 19:49:47: Delete File 'ftp://226.5c3.myftpupload.com/wp-content/plugins/yelp-widget-pro/includes/style/admin-widget.css'
2014-04-18 19:49:47: Delete File 'ftp://226.5c3.myftpupload.com/wp-content/plugins/yelp-widget-pro/includes/style/options.css'
2014-04-18 19:49:47: Delete File 'ftp://226.5c3.myftpupload.com/wp-content/plugins/yelp-widget-pro/includes/style/plugin-metabox-icon.png'
2014-04-18 19:49:48: Delete File 'ftp://226.5c3.myftpupload.com/wp-content/plugins/yelp-widget-pro/includes/style/yelp.css'
2014-04-18 19:49:48: Delete Folder 'ftp://226.5c3.myftpupload.com/wp-content/plugins/yelp-widget-pro/includes/style'
2014-04-18 19:49:48: Delete File 'ftp://226.5c3.myftpupload.com/wp-content/plugins/yelp-widget-pro/includes/widget-form.php'
2014-04-18 19:49:48: Delete Folder 'ftp://226.5c3.myftpupload.com/wp-content/plugins/yelp-widget-pro/includes'
2014-04-18 19:49:49: Delete File 'ftp://226.5c3.myftpupload.com/wp-content/plugins/yelp-widget-pro/languages/default.mo'
2014-04-18 19:49:49: Delete File 'ftp://226.5c3.myftpupload.com/wp-content/plugins/yelp-widget-pro/languages/default.po'
2014-04-18 19:49:49: Delete File 'ftp://226.5c3.myftpupload.com/wp-content/plugins/yelp-widget-pro/languages/ywp-de_DE.mo'
2014-04-18 19:49:49: Delete File 'ftp://226.5c3.myftpupload.com/wp-content/plugins/yelp-widget-pro/languages/ywp-de_DE.po'
2014-04-18 19:49:49: Delete Folder 'ftp://226.5c3.myftpupload.com/wp-content/plugins/yelp-widget-pro/languages'
2014-04-18 19:49:50: Delete File 'ftp://226.5c3.myftpupload.com/wp-content/plugins/yelp-widget-pro/lib/docs.txt'
2014-04-18 19:49:50: Delete File 'ftp://226.5c3.myftpupload.com/wp-content/plugins/yelp-widget-pro/lib/license-metabox.php'
2014-04-18 19:49:50: Delete File 'ftp://226.5c3.myftpupload.com/wp-content/plugins/yelp-widget-pro/lib/license.php'
2014-04-18 19:49:51: Delete File 'ftp://226.5c3.myftpupload.com/wp-content/plugins/yelp-widget-pro/lib/oauth.php'
2014-04-18 19:49:52: Delete File 'ftp://226.5c3.myftpupload.com/wp-content/plugins/yelp-widget-pro/lib/plugin-updates/css/puc-debug-bar.css'
2014-04-18 19:49:52: Delete Folder 'ftp://226.5c3.myftpupload.com/wp-content/plugins/yelp-widget-pro/lib/plugin-updates/css'
2014-04-18 19:49:52: Delete File 'ftp://226.5c3.myftpupload.com/wp-content/plugins/yelp-widget-pro/lib/plugin-updates/debug-bar-panel.php'
2014-04-18 19:49:52: Delete File 'ftp://226.5c3.myftpupload.com/wp-content/plugins/yelp-widget-pro/lib/plugin-updates/debug-bar-plugin.php'
2014-04-18 19:49:53: Delete File 'ftp://226.5c3.myftpupload.com/wp-content/plugins/yelp-widget-pro/lib/plugin-updates/js/debug-bar.js'
2014-04-18 19:49:53: Delete Folder 'ftp://226.5c3.myftpupload.com/wp-content/plugins/yelp-widget-pro/lib/plugin-updates/js'
2014-04-18 19:49:53: Delete File 'ftp://226.5c3.myftpupload.com/wp-content/plugins/yelp-widget-pro/lib/plugin-updates/plugin-update-checker.php'
2014-04-18 19:49:53: Delete Folder 'ftp://226.5c3.myftpupload.com/wp-content/plugins/yelp-widget-pro/lib/plugin-updates'
2014-04-18 19:49:54: Delete Folder 'ftp://226.5c3.myftpupload.com/wp-content/plugins/yelp-widget-pro/lib'
2014-04-18 19:49:54: Delete File 'ftp://226.5c3.myftpupload.com/wp-content/plugins/yelp-widget-pro/readme.txt'
2014-04-18 19:49:54: Delete File 'ftp://226.5c3.myftpupload.com/wp-content/plugins/yelp-widget-pro/screenshot-1.png'
2014-04-18 19:49:54: Delete File 'ftp://226.5c3.myftpupload.com/wp-content/plugins/yelp-widget-pro/screenshot-2.png'
2014-04-18 19:49:55: Delete File 'ftp://226.5c3.myftpupload.com/wp-content/plugins/yelp-widget-pro/screenshot-3.png'
2014-04-18 19:49:55: Delete File 'ftp://226.5c3.myftpupload.com/wp-content/plugins/yelp-widget-pro/screenshot-4.png'
2014-04-18 19:49:55: Delete File 'ftp://226.5c3.myftpupload.com/wp-content/plugins/yelp-widget-pro/widget.php'
2014-04-18 19:49:55: Delete File 'ftp://226.5c3.myftpupload.com/wp-content/plugins/yelp-widget-pro/yelp-widget-pro.php'
2014-04-18 19:49:55: Delete Folder 'ftp://226.5c3.myftpupload.com/wp-content/plugins/yelp-widget-pro'
2014-04-18 19:49:55: Delete Folder 'ftp://226.5c3.myftpupload.com/wp-content/plugins'
2014-04-18 19:49:56: Delete File 'ftp://226.5c3.myftpupload.com/wp-content/themes/twentythirteen/404.php'
2014-04-18 19:49:56: Delete File 'ftp://226.5c3.myftpupload.com/wp-content/themes/twentythirteen/archive.php'
2014-04-18 19:49:57: Delete File 'ftp://226.5c3.myftpupload.com/wp-content/themes/twentythirteen/author-bio.php'
2014-04-18 19:49:57: Delete File 'ftp://226.5c3.myftpupload.com/wp-content/themes/twentythirteen/author.php'
2014-04-18 19:49:57: Delete File 'ftp://226.5c3.myftpupload.com/wp-content/themes/twentythirteen/category.php'
2014-04-18 19:49:57: Delete File 'ftp://226.5c3.myftpupload.com/wp-content/themes/twentythirteen/comments.php'
2014-04-18 19:49:57: Delete File 'ftp://226.5c3.myftpupload.com/wp-content/themes/twentythirteen/content-aside.php'
2014-04-18 19:49:57: Delete File 'ftp://226.5c3.myftpupload.com/wp-content/themes/twentythirteen/content-audio.php'
2014-04-18 19:49:58: Delete File 'ftp://226.5c3.myftpupload.com/wp-content/themes/twentythirteen/content-chat.php'
2014-04-18 19:49:58: Delete File 'ftp://226.5c3.myftpupload.com/wp-content/themes/twentythirteen/content-gallery.php'
2014-04-18 19:49:58: Delete File 'ftp://226.5c3.myftpupload.com/wp-content/themes/twentythirteen/content-image.php'
2014-04-18 19:49:58: Delete File 'ftp://226.5c3.myftpupload.com/wp-content/themes/twentythirteen/content-link.php'
2014-04-18 19:49:58: Delete File 'ftp://226.5c3.myftpupload.com/wp-content/themes/twentythirteen/content-none.php'
2014-04-18 19:49:59: Delete File 'ftp://226.5c3.myftpupload.com/wp-content/themes/twentythirteen/content-quote.php'
2014-04-18 19:49:59: Delete File 'ftp://226.5c3.myftpupload.com/wp-content/themes/twentythirteen/content-status.php'
2014-04-18 19:49:59: Delete File 'ftp://226.5c3.myftpupload.com/wp-content/themes/twentythirteen/content-video.php'
2014-04-18 19:49:59: Delete File 'ftp://226.5c3.myftpupload.com/wp-content/themes/twentythirteen/content.php'
2014-04-18 19:50:00: Delete File 'ftp://226.5c3.myftpupload.com/wp-content/themes/twentythirteen/css/editor-style.css'
2014-04-18 19:50:00: Delete File 'ftp://226.5c3.myftpupload.com/wp-content/themes/twentythirteen/css/ie.css'
2014-04-18 19:50:00: Delete Folder 'ftp://226.5c3.myftpupload.com/wp-content/themes/twentythirteen/css'
2014-04-18 19:50:01: Delete File 'ftp://226.5c3.myftpupload.com/wp-content/themes/twentythirteen/fonts/COPYING.txt'
2014-04-18 19:50:01: Delete File 'ftp://226.5c3.myftpupload.com/wp-content/themes/twentythirteen/fonts/genericons-regular-webfont.eot'
2014-04-18 19:50:01: Delete File 'ftp://226.5c3.myftpupload.com/wp-content/themes/twentythirteen/fonts/genericons-regular-webfont.svg'
2014-04-18 19:50:01: Delete File 'ftp://226.5c3.myftpupload.com/wp-content/themes/twentythirteen/fonts/genericons-regular-webfont.ttf'
2014-04-18 19:50:01: Delete File 'ftp://226.5c3.myftpupload.com/wp-content/themes/twentythirteen/fonts/genericons-regular-webfont.woff'
2014-04-18 19:50:02: Delete File 'ftp://226.5c3.myftpupload.com/wp-content/themes/twentythirteen/fonts/genericons.css'
2014-04-18 19:50:02: Delete File 'ftp://226.5c3.myftpupload.com/wp-content/themes/twentythirteen/fonts/LICENSE.txt'
2014-04-18 19:50:02: Delete Folder 'ftp://226.5c3.myftpupload.com/wp-content/themes/twentythirteen/fonts'
2014-04-18 19:50:02: Delete File 'ftp://226.5c3.myftpupload.com/wp-content/themes/twentythirteen/footer.php'
2014-04-18 19:50:02: Delete File 'ftp://226.5c3.myftpupload.com/wp-content/themes/twentythirteen/functions.php'
2014-04-18 19:50:02: Delete File 'ftp://226.5c3.myftpupload.com/wp-content/themes/twentythirteen/header.php'
2014-04-18 19:50:03: Delete File 'ftp://226.5c3.myftpupload.com/wp-content/themes/twentythirteen/image.php'
2014-04-18 19:50:03: Delete File 'ftp://226.5c3.myftpupload.com/wp-content/themes/twentythirteen/images/dotted-line-2x.png'
2014-04-18 19:50:03: Delete File 'ftp://226.5c3.myftpupload.com/wp-content/themes/twentythirteen/images/dotted-line-light-2x.png'
2014-04-18 19:50:04: Delete File 'ftp://226.5c3.myftpupload.com/wp-content/themes/twentythirteen/images/dotted-line-light.png'
2014-04-18 19:50:04: Delete File 'ftp://226.5c3.myftpupload.com/wp-content/themes/twentythirteen/images/dotted-line.png'
2014-04-18 19:50:04: Delete File 'ftp://226.5c3.myftpupload.com/wp-content/themes/twentythirteen/images/headers/circle-thumbnail.png'
2014-04-18 19:50:05: Delete File 'ftp://226.5c3.myftpupload.com/wp-content/themes/twentythirteen/images/headers/circle.png'
2014-04-18 19:50:05: Delete File 'ftp://226.5c3.myftpupload.com/wp-content/themes/twentythirteen/images/headers/diamond-thumbnail.png'
2014-04-18 19:50:05: Delete File 'ftp://226.5c3.myftpupload.com/wp-content/themes/twentythirteen/images/headers/diamond.png'
2014-04-18 19:50:05: Delete File 'ftp://226.5c3.myftpupload.com/wp-content/themes/twentythirteen/images/headers/star-thumbnail.png'
2014-04-18 19:50:05: Delete File 'ftp://226.5c3.myftpupload.com/wp-content/themes/twentythirteen/images/headers/star.png'
2014-04-18 19:50:06: Delete Folder 'ftp://226.5c3.myftpupload.com/wp-content/themes/twentythirteen/images/headers'
2014-04-18 19:50:06: Delete File 'ftp://226.5c3.myftpupload.com/wp-content/themes/twentythirteen/images/search-icon-2x.png'
2014-04-18 19:50:06: Delete File 'ftp://226.5c3.myftpupload.com/wp-content/themes/twentythirteen/images/search-icon.png'
2014-04-18 19:50:06: Delete Folder 'ftp://226.5c3.myftpupload.com/wp-content/themes/twentythirteen/images'
2014-04-18 19:50:07: Delete File 'ftp://226.5c3.myftpupload.com/wp-content/themes/twentythirteen/inc/back-compat.php'
2014-04-18 19:50:07: Delete File 'ftp://226.5c3.myftpupload.com/wp-content/themes/twentythirteen/inc/custom-header.php'
2014-04-18 19:50:07: Delete Folder 'ftp://226.5c3.myftpupload.com/wp-content/themes/twentythirteen/inc'
2014-04-18 19:50:07: Delete File 'ftp://226.5c3.myftpupload.com/wp-content/themes/twentythirteen/index.php'
2014-04-18 19:50:08: Delete File 'ftp://226.5c3.myftpupload.com/wp-content/themes/twentythirteen/js/functions.js'
2014-04-18 19:50:08: Delete File 'ftp://226.5c3.myftpupload.com/wp-content/themes/twentythirteen/js/html5.js'
2014-04-18 19:50:08: Delete File 'ftp://226.5c3.myftpupload.com/wp-content/themes/twentythirteen/js/theme-customizer.js'
2014-04-18 19:50:08: Delete Folder 'ftp://226.5c3.myftpupload.com/wp-content/themes/twentythirteen/js'
2014-04-18 19:50:09: Delete File 'ftp://226.5c3.myftpupload.com/wp-content/themes/twentythirteen/languages/twentythirteen.pot'
2014-04-18 19:50:09: Delete Folder 'ftp://226.5c3.myftpupload.com/wp-content/themes/twentythirteen/languages'
2014-04-18 19:50:09: Delete File 'ftp://226.5c3.myftpupload.com/wp-content/themes/twentythirteen/page.php'
2014-04-18 19:50:10: Delete File 'ftp://226.5c3.myftpupload.com/wp-content/themes/twentythirteen/rtl.css'
2014-04-18 19:50:10: Delete File 'ftp://226.5c3.myftpupload.com/wp-content/themes/twentythirteen/screenshot.png'
2014-04-18 19:50:10: Delete File 'ftp://226.5c3.myftpupload.com/wp-content/themes/twentythirteen/search.php'
2014-04-18 19:50:10: Delete File 'ftp://226.5c3.myftpupload.com/wp-content/themes/twentythirteen/sidebar-main.php'
2014-04-18 19:50:10: Delete File 'ftp://226.5c3.myftpupload.com/wp-content/themes/twentythirteen/sidebar.php'
2014-04-18 19:50:10: Delete File 'ftp://226.5c3.myftpupload.com/wp-content/themes/twentythirteen/single.php'
2014-04-18 19:50:11: Delete File 'ftp://226.5c3.myftpupload.com/wp-content/themes/twentythirteen/style.css'
2014-04-18 19:50:11: Delete File 'ftp://226.5c3.myftpupload.com/wp-content/themes/twentythirteen/tag.php'
2014-04-18 19:50:11: Delete File 'ftp://226.5c3.myftpupload.com/wp-content/themes/twentythirteen/taxonomy-post_format.php'
2014-04-18 19:50:11: Delete Folder 'ftp://226.5c3.myftpupload.com/wp-content/themes/twentythirteen'
2014-04-18 19:50:11: Delete Folder 'ftp://226.5c3.myftpupload.com/wp-content/themes'
2014-04-18 19:50:11: Delete Folder 'ftp://226.5c3.myftpupload.com/wp-content/upgrade'
2014-04-18 19:50:12: Delete Folder 'ftp://226.5c3.myftpupload.com/wp-content'
2014-04-18 19:50:12: Delete File 'ftp://226.5c3.myftpupload.com/wp-includes/css/wp-auth-check.css'
2014-04-18 19:50:13: Delete File 'ftp://226.5c3.myftpupload.com/wp-includes/css/wp-auth-check.min.css'
2014-04-18 19:50:13: Delete Folder 'ftp://226.5c3.myftpupload.com/wp-includes/css'
2014-04-18 19:50:13: Delete File 'ftp://226.5c3.myftpupload.com/wp-includes/ID3/getid3.lib.php'
2014-04-18 19:50:14: Delete File 'ftp://226.5c3.myftpupload.com/wp-includes/ID3/getid3.php'
2014-04-18 19:50:14: Delete File 'ftp://226.5c3.myftpupload.com/wp-includes/ID3/license.commercial.txt'
2014-04-18 19:50:14: Delete File 'ftp://226.5c3.myftpupload.com/wp-includes/ID3/license.txt'
2014-04-18 19:50:14: Delete File 'ftp://226.5c3.myftpupload.com/wp-includes/ID3/module.audio-video.asf.php'
2014-04-18 19:50:14: Delete File 'ftp://226.5c3.myftpupload.com/wp-includes/ID3/module.audio-video.flv.php'
2014-04-18 19:50:14: Delete File 'ftp://226.5c3.myftpupload.com/wp-includes/ID3/module.audio-video.matroska.php'
2014-04-18 19:50:15: Delete File 'ftp://226.5c3.myftpupload.com/wp-includes/ID3/module.audio-video.quicktime.php'
2014-04-18 19:50:15: Delete File 'ftp://226.5c3.myftpupload.com/wp-includes/ID3/module.audio-video.riff.php'
2014-04-18 19:50:15: Delete File 'ftp://226.5c3.myftpupload.com/wp-includes/ID3/module.audio.ac3.php'
2014-04-18 19:50:15: Delete File 'ftp://226.5c3.myftpupload.com/wp-includes/ID3/module.audio.dts.php'
2014-04-18 19:50:15: Delete File 'ftp://226.5c3.myftpupload.com/wp-includes/ID3/module.audio.flac.php'
2014-04-18 19:50:15: Delete File 'ftp://226.5c3.myftpupload.com/wp-includes/ID3/module.audio.mp3.php'
2014-04-18 19:50:16: Delete File 'ftp://226.5c3.myftpupload.com/wp-includes/ID3/module.audio.ogg.php'
2014-04-18 19:50:16: Delete File 'ftp://226.5c3.myftpupload.com/wp-includes/ID3/module.tag.apetag.php'
2014-04-18 19:50:16: Delete File 'ftp://226.5c3.myftpupload.com/wp-includes/ID3/module.tag.id3v1.php'
2014-04-18 19:50:16: Delete File 'ftp://226.5c3.myftpupload.com/wp-includes/ID3/module.tag.id3v2.php'
2014-04-18 19:50:16: Delete File 'ftp://226.5c3.myftpupload.com/wp-includes/ID3/module.tag.lyrics3.php'
2014-04-18 19:50:17: Delete File 'ftp://226.5c3.myftpupload.com/wp-includes/ID3/readme.txt'
2014-04-18 19:50:17: Delete Folder 'ftp://226.5c3.myftpupload.com/wp-includes/ID3'
2014-04-18 19:50:17: Delete File 'ftp://226.5c3.myftpupload.com/wp-includes/js/heartbeat.js'
2014-04-18 19:50:18: Delete File 'ftp://226.5c3.myftpupload.com/wp-includes/js/heartbeat.min.js'
2014-04-18 19:50:18: Delete File 'ftp://226.5c3.myftpupload.com/wp-includes/js/jquery/jquery-migrate.js'
2014-04-18 19:50:18: Delete File 'ftp://226.5c3.myftpupload.com/wp-includes/js/jquery/jquery-migrate.min.js'
2014-04-18 19:50:19: Delete Folder 'ftp://226.5c3.myftpupload.com/wp-includes/js/jquery'
2014-04-18 19:50:19: Delete File 'ftp://226.5c3.myftpupload.com/wp-includes/js/mediaelement/background.png'
2014-04-18 19:50:19: Delete File 'ftp://226.5c3.myftpupload.com/wp-includes/js/mediaelement/bigplay.png'
2014-04-18 19:50:20: Delete File 'ftp://226.5c3.myftpupload.com/wp-includes/js/mediaelement/bigplay.svg'
2014-04-18 19:50:20: Delete File 'ftp://226.5c3.myftpupload.com/wp-includes/js/mediaelement/controls.png'
2014-04-18 19:50:20: Delete File 'ftp://226.5c3.myftpupload.com/wp-includes/js/mediaelement/controls.svg'
2014-04-18 19:50:20: Delete File 'ftp://226.5c3.myftpupload.com/wp-includes/js/mediaelement/flashmediaelement.swf'
2014-04-18 19:50:21: Delete File 'ftp://226.5c3.myftpupload.com/wp-includes/js/mediaelement/loading.gif'
2014-04-18 19:50:21: Delete File 'ftp://226.5c3.myftpupload.com/wp-includes/js/mediaelement/mediaelement-and-player.min.js'
2014-04-18 19:50:21: Delete File 'ftp://226.5c3.myftpupload.com/wp-includes/js/mediaelement/mediaelementplayer.min.css'
2014-04-18 19:50:21: Delete File 'ftp://226.5c3.myftpupload.com/wp-includes/js/mediaelement/silverlightmediaelement.xap'
2014-04-18 19:50:21: Delete File 'ftp://226.5c3.myftpupload.com/wp-includes/js/mediaelement/wp-mediaelement.css'
2014-04-18 19:50:21: Delete File 'ftp://226.5c3.myftpupload.com/wp-includes/js/mediaelement/wp-mediaelement.js'
2014-04-18 19:50:22: Delete Folder 'ftp://226.5c3.myftpupload.com/wp-includes/js/mediaelement'
2014-04-18 19:50:22: Delete File 'ftp://226.5c3.myftpupload.com/wp-includes/js/wp-auth-check.js'
2014-04-18 19:50:22: Delete File 'ftp://226.5c3.myftpupload.com/wp-includes/js/wp-auth-check.min.js'
2014-04-18 19:50:22: Delete File 'ftp://226.5c3.myftpupload.com/wp-includes/js/wp-backbone.js'
2014-04-18 19:50:22: Delete File 'ftp://226.5c3.myftpupload.com/wp-includes/js/wp-backbone.min.js'
2014-04-18 19:50:22: Delete File 'ftp://226.5c3.myftpupload.com/wp-includes/js/wp-util.js'
2014-04-18 19:50:23: Delete File 'ftp://226.5c3.myftpupload.com/wp-includes/js/wp-util.min.js'
2014-04-18 19:50:23: Delete Folder 'ftp://226.5c3.myftpupload.com/wp-includes/js'
2014-04-18 19:50:23: Delete File 'ftp://226.5c3.myftpupload.com/wp-includes/post-formats.php'
2014-04-18 19:50:23: Delete File 'ftp://226.5c3.myftpupload.com/wp-includes/revision.php'
2014-04-18 19:50:23: Delete Folder 'ftp://226.5c3.myftpupload.com/wp-includes'
2014-04-18 19:50:24: Save State File /Users/temp/Google Drive/GN Capital Partners LLC/Coding/gottanom a.1/_gsdata_/_file_state_v4._gs
2014-04-18 19:50:24: Save State File ftp://226.5c3.myftpupload.com/_gsdata_/_file_state_v4._gs
2014-04-18 19:50:24: Sync finished with 1 errors. Click Errors button to see sync errors
2014-04-18 19:50:25: Items Synced OK: 353, Errors: 1
2014-04-18 19:50:25: == Sync Completed. Time: 00:01:24, Speed: 2.3 KB/s
2014-04-18 19:50:25: 
