2014-04-18 20:29:26: -- Gottanom: ANALYSIS started by On File Change Incremental on '' (GoodSync 4.8.4.4)
2014-04-18 20:29:26: /Users/temp/Google Drive/GN Capital Partners LLC/Coding/gottanom a.1 [TmpDest] =PropDels=> ftp://226.5c3.myftpupload.com [TmpDest], WaitForLocksMinutes=20, ReconnectSecs=120
2014-04-18 20:29:26: Change in: /Users/temp/Google Drive/GN Capital Partners LLC/Coding/gottanom a.1/php/mobileviewrestaurantdiv.php
2014-04-18 20:29:27: Changes: 1, Conflicts: 0, CopyTime: 0, CopyState: 0/0, Errors: 0
2014-04-18 20:29:27: Left to Right: Copy File: 1 
2014-04-18 20:29:27: -- Analysis Completed. Time 00:00:03, Speed: 112 files/s
2014-04-18 20:29:27: == Gottanom: SYNC started by On File Change Incremental on ''
2014-04-18 20:29:27: /Users/temp/Google Drive/GN Capital Partners LLC/Coding/gottanom a.1 [TmpDest] =PropDels=> ftp://226.5c3.myftpupload.com [TmpDest], WaitForLocksMinutes=20, ReconnectSecs=120
2014-04-18 20:29:29: Copy Over '/Users/temp/Google Drive/GN Capital Partners LLC/Coding/gottanom a.1/php/mobileviewrestaurantdiv.php' -> 'ftp://226.5c3.myftpupload.com/php/mobileviewrestaurantdiv.php'
2014-04-18 20:29:29: Save State File /Users/temp/Google Drive/GN Capital Partners LLC/Coding/gottanom a.1/_gsdata_/_file_state_v4._gs
2014-04-18 20:29:30: Save State File ftp://226.5c3.myftpupload.com/_gsdata_/_file_state_v4._gs
2014-04-18 20:29:31: Items Synced OK: 1, Errors: 0
2014-04-18 20:29:31: == Sync Completed. Time: 00:00:04, Speed: 9.3 KB/s
2014-04-18 20:29:31: --- Do one more Analyze to get latest changes of this Sync ---
2014-04-18 20:29:31: -- Gottanom: ANALYSIS started by On File Change PostSync Re-Analyze on '' (GoodSync 4.8.4.4)
2014-04-18 20:29:31: /Users/temp/Google Drive/GN Capital Partners LLC/Coding/gottanom a.1 [TmpDest] =PropDels=> ftp://226.5c3.myftpupload.com [TmpDest], WaitForLocksMinutes=20, ReconnectSecs=120
2014-04-18 20:29:31: Change in: /Users/temp/Google Drive/GN Capital Partners LLC/Coding/gottanom a.1/php/mobileviewrestaurantdiv.php
2014-04-18 20:29:31: Changes: 0, Conflicts: 0, CopyTime: 0, CopyState: 0/0, Errors: 0
2014-04-18 20:29:31: -- Analysis Completed. Time 00:00:04, Speed: 84 files/s
2014-04-18 20:29:31: 
